mode: set
api-go/internal/infrastructure/middleware/jwt.go:10.40,13.52 1 1
api-go/internal/infrastructure/middleware/jwt.go:13.52,17.4 1 1
api-go/internal/domain/matrix.go:5.50,6.43 1 1
api-go/internal/domain/matrix.go:6.43,8.3 1 1
api-go/internal/domain/matrix.go:10.2,16.28 4 1
api-go/internal/domain/matrix.go:16.28,18.29 2 1
api-go/internal/domain/matrix.go:18.29,21.4 1 1
api-go/internal/domain/matrix.go:24.2,24.16 1 1
api-go/internal/domain/matrix.go:27.72,28.43 1 1
api-go/internal/domain/matrix.go:28.43,30.3 1 1
api-go/internal/domain/matrix.go:32.2,38.28 4 1
api-go/internal/domain/matrix.go:38.28,40.3 1 1
api-go/internal/domain/matrix.go:43.2,57.49 8 1
api-go/internal/domain/matrix.go:60.45,64.28 3 1
api-go/internal/domain/matrix.go:64.28,66.29 2 1
api-go/internal/domain/matrix.go:66.29,68.4 1 1
api-go/internal/domain/matrix.go:70.2,70.15 1 1
api-go/internal/application/auth_service.go:13.36,15.2 1 1
api-go/internal/application/auth_service.go:17.72,21.58 3 1
api-go/internal/application/auth_service.go:21.58,23.3 1 1
api-go/internal/application/auth_service.go:24.2,33.16 5 1
api-go/internal/application/auth_service.go:33.16,35.3 1 0
api-go/internal/application/auth_service.go:37.2,37.25 1 1
api-go/internal/application/matrix_service.go:15.73,17.2 1 1
api-go/internal/application/matrix_service.go:19.90,20.43 1 1
api-go/internal/application/matrix_service.go:20.43,22.3 1 1
api-go/internal/application/matrix_service.go:24.2,30.12 4 1
api-go/internal/application/matrix_service.go:30.12,33.3 2 1
api-go/internal/application/matrix_service.go:35.2,35.12 1 1
api-go/internal/application/matrix_service.go:35.12,38.3 2 1
api-go/internal/application/matrix_service.go:40.2,44.25 3 1
api-go/internal/application/matrix_service.go:44.25,46.17 2 0
api-go/internal/application/matrix_service.go:46.17,48.4 1 0
api-go/internal/application/matrix_service.go:49.3,55.4 1 0
api-go/internal/application/matrix_service.go:58.2,66.20 2 1
api-go/cmd/main.go:28.13,30.16 2 0
api-go/cmd/main.go:30.16,32.3 1 0
api-go/cmd/main.go:33.2,56.48 12 0
api-go/docs/docs.go:181.13,183.2 1 0
api-go/internal/infrastructure/client/node_client.go:17.65,19.16 2 0
api-go/internal/infrastructure/client/node_client.go:19.16,21.3 1 0
api-go/internal/infrastructure/client/node_client.go:23.2,24.45 2 0
api-go/internal/infrastructure/client/node_client.go:27.91,29.29 2 0
api-go/internal/infrastructure/client/node_client.go:29.29,31.3 1 0
api-go/internal/infrastructure/client/node_client.go:33.2,41.16 5 0
api-go/internal/infrastructure/client/node_client.go:41.16,44.3 2 0
api-go/internal/infrastructure/client/node_client.go:46.2,46.17 1 0
api-go/internal/infrastructure/client/pb/matrix.pb.go:31.33,36.2 4 0
api-go/internal/infrastructure/client/pb/matrix.pb.go:38.41,40.2 1 0
api-go/internal/infrastructure/client/pb/matrix.pb.go:42.39,42.40 0 0
api-go/internal/infrastructure/client/pb/matrix.pb.go:44.61,46.14 2 0
api-go/internal/infrastructure/client/pb/matrix.pb.go:46.14,48.34 2 0
api-go/internal/infrastructure/client/pb/matrix.pb.go:48.34,50.4 1 0
api-go/internal/infrastructure/client/pb/matrix.pb.go:51.3,51.12 1 0
api-go/internal/infrastructure/client/pb/matrix.pb.go:53.2,53.24 1 0
api-go/internal/infrastructure/client/pb/matrix.pb.go:57.52,59.2 1 0
api-go/internal/infrastructure/client/pb/matrix.pb.go:61.56,62.14 1 0
api-go/internal/infrastructure/client/pb/matrix.pb.go:62.14,64.3 1 0
api-go/internal/infrastructure/client/pb/matrix.pb.go:65.2,65.12 1 0
api-go/internal/infrastructure/client/pb/matrix.pb.go:79.33,84.2 4 0
api-go/internal/infrastructure/client/pb/matrix.pb.go:86.41,88.2 1 0
api-go/internal/infrastructure/client/pb/matrix.pb.go:90.39,90.40 0 0
api-go/internal/infrastructure/client/pb/matrix.pb.go:92.61,94.14 2 0
api-go/internal/infrastructure/client/pb/matrix.pb.go:94.14,96.34 2 0
api-go/internal/infrastructure/client/pb/matrix.pb.go:96.34,98.4 1 0
api-go/internal/infrastructure/client/pb/matrix.pb.go:99.3,99.12 1 0
api-go/internal/infrastructure/client/pb/matrix.pb.go:101.2,101.24 1 0
api-go/internal/infrastructure/client/pb/matrix.pb.go:105.52,107.2 1 0
api-go/internal/infrastructure/client/pb/matrix.pb.go:109.47,110.14 1 0
api-go/internal/infrastructure/client/pb/matrix.pb.go:110.14,112.3 1 0
api-go/internal/infrastructure/client/pb/matrix.pb.go:113.2,113.10 1 0
api-go/internal/infrastructure/client/pb/matrix.pb.go:116.47,117.14 1 0
api-go/internal/infrastructure/client/pb/matrix.pb.go:117.14,119.3 1 0
api-go/internal/infrastructure/client/pb/matrix.pb.go:120.2,120.10 1 0
api-go/internal/infrastructure/client/pb/matrix.pb.go:123.46,124.14 1 0
api-go/internal/infrastructure/client/pb/matrix.pb.go:124.14,126.3 1 0
api-go/internal/infrastructure/client/pb/matrix.pb.go:127.2,127.10 1 0
api-go/internal/infrastructure/client/pb/matrix.pb.go:130.47,131.14 1 0
api-go/internal/infrastructure/client/pb/matrix.pb.go:131.14,133.3 1 0
api-go/internal/infrastructure/client/pb/matrix.pb.go:134.2,134.10 1 0
api-go/internal/infrastructure/client/pb/matrix.pb.go:137.46,138.14 1 0
api-go/internal/infrastructure/client/pb/matrix.pb.go:138.14,140.3 1 0
api-go/internal/infrastructure/client/pb/matrix.pb.go:141.2,141.14 1 0
api-go/internal/infrastructure/client/pb/matrix.pb.go:151.37,156.2 4 0
api-go/internal/infrastructure/client/pb/matrix.pb.go:158.45,160.2 1 0
api-go/internal/infrastructure/client/pb/matrix.pb.go:162.43,162.44 0 0
api-go/internal/infrastructure/client/pb/matrix.pb.go:164.65,166.14 2 0
api-go/internal/infrastructure/client/pb/matrix.pb.go:166.14,168.34 2 0
api-go/internal/infrastructure/client/pb/matrix.pb.go:168.34,170.4 1 0
api-go/internal/infrastructure/client/pb/matrix.pb.go:171.3,171.12 1 0
api-go/internal/infrastructure/client/pb/matrix.pb.go:173.2,173.24 1 0
api-go/internal/infrastructure/client/pb/matrix.pb.go:177.56,179.2 1 0
api-go/internal/infrastructure/client/pb/matrix.pb.go:181.51,182.14 1 0
api-go/internal/infrastructure/client/pb/matrix.pb.go:182.14,184.3 1 0
api-go/internal/infrastructure/client/pb/matrix.pb.go:185.2,185.12 1 0
api-go/internal/infrastructure/client/pb/matrix.pb.go:212.51,213.48 1 0
api-go/internal/infrastructure/client/pb/matrix.pb.go:213.48,215.3 1 0
api-go/internal/infrastructure/client/pb/matrix.pb.go:216.2,216.44 1 0
api-go/internal/infrastructure/client/pb/matrix.pb.go:236.13,236.47 1 0
api-go/internal/infrastructure/client/pb/matrix.pb.go:237.37,238.36 1 0
api-go/internal/infrastructure/client/pb/matrix.pb.go:238.36,240.3 1 0
api-go/internal/infrastructure/client/pb/matrix.pb.go:241.2,257.39 5 0
api-go/internal/infrastructure/client/pb/matrix_grpc.pb.go:36.78,38.2 1 0
api-go/internal/infrastructure/client/pb/matrix_grpc.pb.go:40.141,44.16 4 0
api-go/internal/infrastructure/client/pb/matrix_grpc.pb.go:44.16,46.3 1 0
api-go/internal/infrastructure/client/pb/matrix_grpc.pb.go:47.2,47.17 1 0
api-go/internal/infrastructure/client/pb/matrix_grpc.pb.go:65.119,67.2 1 0
api-go/internal/infrastructure/client/pb/matrix_grpc.pb.go:68.86,68.87 0 0
api-go/internal/infrastructure/client/pb/matrix_grpc.pb.go:69.86,69.87 0 0
api-go/internal/infrastructure/client/pb/matrix_grpc.pb.go:78.84,83.59 1 0
api-go/internal/infrastructure/client/pb/matrix_grpc.pb.go:83.59,85.3 1 0
api-go/internal/infrastructure/client/pb/matrix_grpc.pb.go:86.2,86.52 1 0
api-go/internal/infrastructure/client/pb/matrix_grpc.pb.go:89.179,91.32 2 0
api-go/internal/infrastructure/client/pb/matrix_grpc.pb.go:91.32,93.3 1 0
api-go/internal/infrastructure/client/pb/matrix_grpc.pb.go:94.2,94.24 1 0
api-go/internal/infrastructure/client/pb/matrix_grpc.pb.go:94.24,96.3 1 0
api-go/internal/infrastructure/client/pb/matrix_grpc.pb.go:97.2,101.77 2 0
api-go/internal/infrastructure/client/pb/matrix_grpc.pb.go:101.77,103.3 1 0
api-go/internal/infrastructure/client/pb/matrix_grpc.pb.go:104.2,104.44 1 0
api-go/internal/infrastructure/http/auth_handler.go:18.68,20.2 1 1
api-go/internal/infrastructure/http/auth_handler.go:32.48,35.44 2 0
api-go/internal/infrastructure/http/auth_handler.go:35.44,39.3 1 0
api-go/internal/infrastructure/http/auth_handler.go:41.2,42.16 2 0
api-go/internal/infrastructure/http/auth_handler.go:42.16,46.3 1 0
api-go/internal/infrastructure/http/auth_handler.go:49.2,51.4 1 0
api-go/internal/infrastructure/http/handler.go:17.74,19.2 1 1
api-go/internal/infrastructure/http/handler.go:32.58,35.44 2 1
api-go/internal/infrastructure/http/handler.go:35.44,39.3 1 0
api-go/internal/infrastructure/http/handler.go:41.2,42.16 2 1
api-go/internal/infrastructure/http/handler.go:42.16,46.3 1 0
api-go/internal/infrastructure/http/handler.go:48.2,48.23 1 1
api-go/internal/infrastructure/http/routes.go:9.90,17.2 4 1
